<?xml version="1.0" encoding="UTF-8"?>
<!-- Generated by org.testng.reporters.JUnitXMLReporter -->
<testsuite ignored="0" hostname="vivobook-asuslaptop-x512flc-x512fl" failures="0" tests="5" name="Default test" time="10.964" errors="0" timestamp="2023-10-04T09:33:03 IST">
  <testcase classname="Sanitytesting.cellannotation" name="Tileloading" time="2.822"/>
  <testcase classname="Sanitytesting.cellannotation" name="Ep1Loading" time="2.751"/>
  <testcase classname="Sanitytesting.cellannotation" name="Ep4Loading" time="2.469"/>
  <testcase classname="Sanitytesting.cellannotation" name="Ep7Loading" time="1.719"/>
  <testcase classname="Sanitytesting.cellannotation" name="save" time="1.137"/>
</testsuite> <!-- Default test -->
