<?xml version="1.0" encoding="UTF-8"?>
<!-- Generated by org.testng.reporters.JUnitXMLReporter -->
<testsuite ignored="0" hostname="vivobook-asuslaptop-x512flc-x512fl" failures="0" tests="4" name="Default test" time="9.717" errors="0" timestamp="2023-09-13T11:24:11 IST">
  <testcase classname="Sanitytesting.cellannotation" name="Ep1Loading" time="4.596"/>
  <testcase classname="Sanitytesting.cellannotation" name="Ep4Loading" time="2.532"/>
  <testcase classname="Sanitytesting.cellannotation" name="Ep7Loading" time="1.999"/>
  <testcase classname="Sanitytesting.cellannotation" name="save" time="0.544"/>
</testsuite> <!-- Default test -->
