<?xml version="1.0" encoding="UTF-8"?>
<testng-results ignored="0" total="1" passed="1" failed="0" skipped="0">
  <reporter-output>
  </reporter-output>
  <suite started-at="2023-09-13T19:43:08 IST" name="Surefire suite" finished-at="2023-09-13T19:43:14 IST" duration-ms="5360">
    <groups>
    </groups>
    <test started-at="2023-09-13T19:43:08 IST" name="Surefire test" finished-at="2023-09-13T19:43:14 IST" duration-ms="5360">
      <class name="Sanitytesting.cellannotation">
        <test-method signature="save()[pri:5, instance:Sanitytesting.cellannotation@5dda768f]" started-at="2023-09-13T19:43:08 IST" name="save" finished-at="2023-09-13T19:43:14 IST" duration-ms="5312" status="PASS">
          <reporter-output>
          </reporter-output>
        </test-method> <!-- save -->
      </class> <!-- Sanitytesting.cellannotation -->
    </test> <!-- Surefire test -->
  </suite> <!-- Surefire suite -->
</testng-results>
