<?xml version="1.0" encoding="UTF-8"?>
<testng-results ignored="0" total="5" passed="5" failed="0" skipped="0">
  <reporter-output>
  </reporter-output>
  <suite started-at="2023-10-04T09:32:52 IST" name="Default suite" finished-at="2023-10-04T09:33:03 IST" duration-ms="10964">
    <groups>
    </groups>
    <test started-at="2023-10-04T09:32:52 IST" name="Default test" finished-at="2023-10-04T09:33:03 IST" duration-ms="10964">
      <class name="Sanitytesting.cellannotation">
        <test-method signature="Tileloading()[pri:1, instance:Sanitytesting.cellannotation@1b2abca6]" started-at="2023-10-04T09:32:52 IST" name="Tileloading" finished-at="2023-10-04T09:32:55 IST" duration-ms="2822" status="PASS">
          <reporter-output>
          </reporter-output>
        </test-method> <!-- Tileloading -->
        <test-method signature="Ep1Loading()[pri:2, instance:Sanitytesting.cellannotation@1b2abca6]" started-at="2023-10-04T09:32:55 IST" name="Ep1Loading" finished-at="2023-10-04T09:32:58 IST" duration-ms="2751" status="PASS">
          <reporter-output>
          </reporter-output>
        </test-method> <!-- Ep1Loading -->
        <test-method signature="Ep4Loading()[pri:3, instance:Sanitytesting.cellannotation@1b2abca6]" started-at="2023-10-04T09:32:58 IST" name="Ep4Loading" finished-at="2023-10-04T09:33:01 IST" duration-ms="2469" status="PASS">
          <reporter-output>
          </reporter-output>
        </test-method> <!-- Ep4Loading -->
        <test-method signature="Ep7Loading()[pri:4, instance:Sanitytesting.cellannotation@1b2abca6]" started-at="2023-10-04T09:33:01 IST" name="Ep7Loading" finished-at="2023-10-04T09:33:02 IST" duration-ms="1719" status="PASS">
          <reporter-output>
          </reporter-output>
        </test-method> <!-- Ep7Loading -->
        <test-method signature="save()[pri:5, instance:Sanitytesting.cellannotation@1b2abca6]" started-at="2023-10-04T09:33:02 IST" name="save" finished-at="2023-10-04T09:33:03 IST" duration-ms="1137" status="PASS">
          <reporter-output>
          </reporter-output>
        </test-method> <!-- save -->
      </class> <!-- Sanitytesting.cellannotation -->
    </test> <!-- Default test -->
  </suite> <!-- Default suite -->
</testng-results>
