<?xml version="1.0" encoding="UTF-8"?>
<testng-results ignored="0" total="5" passed="5" failed="0" skipped="0">
  <reporter-output>
  </reporter-output>
  <suite started-at="2023-09-12T15:59:21 IST" name="Default suite" finished-at="2023-09-12T15:59:44 IST" duration-ms="22530">
    <groups>
    </groups>
    <test started-at="2023-09-12T15:59:21 IST" name="Default test" finished-at="2023-09-12T15:59:44 IST" duration-ms="22530">
      <class name="Sanitytesting.cellannotation">
        <test-method signature="Tileloading()[pri:1, instance:Sanitytesting.cellannotation@209da20d]" started-at="2023-09-12T15:59:21 IST" name="Tileloading" finished-at="2023-09-12T15:59:35 IST" duration-ms="14096" status="PASS">
          <reporter-output>
          </reporter-output>
        </test-method> <!-- Tileloading -->
        <test-method signature="Ep1Loading()[pri:2, instance:Sanitytesting.cellannotation@209da20d]" started-at="2023-09-12T15:59:35 IST" name="Ep1Loading" finished-at="2023-09-12T15:59:39 IST" duration-ms="3323" status="PASS">
          <reporter-output>
          </reporter-output>
        </test-method> <!-- Ep1Loading -->
        <test-method signature="Ep4Loading()[pri:3, instance:Sanitytesting.cellannotation@209da20d]" started-at="2023-09-12T15:59:39 IST" name="Ep4Loading" finished-at="2023-09-12T15:59:41 IST" duration-ms="2746" status="PASS">
          <reporter-output>
          </reporter-output>
        </test-method> <!-- Ep4Loading -->
        <test-method signature="Ep7Loading()[pri:4, instance:Sanitytesting.cellannotation@209da20d]" started-at="2023-09-12T15:59:41 IST" name="Ep7Loading" finished-at="2023-09-12T15:59:43 IST" duration-ms="1949" status="PASS">
          <reporter-output>
          </reporter-output>
        </test-method> <!-- Ep7Loading -->
        <test-method signature="save()[pri:5, instance:Sanitytesting.cellannotation@209da20d]" started-at="2023-09-12T15:59:43 IST" name="save" finished-at="2023-09-12T15:59:44 IST" duration-ms="363" status="PASS">
          <reporter-output>
          </reporter-output>
        </test-method> <!-- save -->
      </class> <!-- Sanitytesting.cellannotation -->
    </test> <!-- Default test -->
  </suite> <!-- Default suite -->
</testng-results>
